0 info it worked if it ends with ok
1 verbose cli [ '/usr/local/bin/node', '/usr/local/bin/npm', 'run', 'deploy' ]
2 info using npm@3.10.9
3 info using node@v6.9.2
4 verbose run-script [ 'predeploy', 'deploy', 'postdeploy' ]
5 info lifecycle angular-swagger-form-field-sample@1.1.1~predeploy: angular-swagger-form-field-sample@1.1.1
6 silly lifecycle angular-swagger-form-field-sample@1.1.1~predeploy: no script for predeploy, continuing
7 info lifecycle angular-swagger-form-field-sample@1.1.1~deploy: angular-swagger-form-field-sample@1.1.1
8 verbose lifecycle angular-swagger-form-field-sample@1.1.1~deploy: unsafe-perm in lifecycle true
9 verbose lifecycle angular-swagger-form-field-sample@1.1.1~deploy: PATH: /usr/local/lib/node_modules/npm/bin/node-gyp-bin:/Users/adreijngoudt/github/areijngoudt/angular-swagger-form-field-sample/node_modules/.bin:~/Library/Android/sdk/tools:/Library/Android/sdk/platform-tools:/Library/Frameworks/Python.framework/Versions/3.5/bin:/usr/local/bin:/usr/bin:/bin:/usr/sbin:/sbin:/usr/local/share/dotnet:/usr/local/go/bin:/Library/Frameworks/Mono.framework/Versions/Current/Commands
10 verbose lifecycle angular-swagger-form-field-sample@1.1.1~deploy: CWD: /Users/adreijngoudt/github/areijngoudt/angular-swagger-form-field-sample
11 silly lifecycle angular-swagger-form-field-sample@1.1.1~deploy: Args: [ '-c', 'ng github-pages:deploy' ]
12 silly lifecycle angular-swagger-form-field-sample@1.1.1~deploy: Returned: code: 1  signal: null
13 info lifecycle angular-swagger-form-field-sample@1.1.1~deploy: Failed to exec deploy script
14 verbose stack Error: angular-swagger-form-field-sample@1.1.1 deploy: `ng github-pages:deploy`
14 verbose stack Exit status 1
14 verbose stack     at EventEmitter.<anonymous> (/usr/local/lib/node_modules/npm/lib/utils/lifecycle.js:255:16)
14 verbose stack     at emitTwo (events.js:106:13)
14 verbose stack     at EventEmitter.emit (events.js:191:7)
14 verbose stack     at ChildProcess.<anonymous> (/usr/local/lib/node_modules/npm/lib/utils/spawn.js:40:14)
14 verbose stack     at emitTwo (events.js:106:13)
14 verbose stack     at ChildProcess.emit (events.js:191:7)
14 verbose stack     at maybeClose (internal/child_process.js:877:16)
14 verbose stack     at Process.ChildProcess._handle.onexit (internal/child_process.js:226:5)
15 verbose pkgid angular-swagger-form-field-sample@1.1.1
16 verbose cwd /Users/adreijngoudt/github/areijngoudt/angular-swagger-form-field-sample
17 error Darwin 16.4.0
18 error argv "/usr/local/bin/node" "/usr/local/bin/npm" "run" "deploy"
19 error node v6.9.2
20 error npm  v3.10.9
21 error code ELIFECYCLE
22 error angular-swagger-form-field-sample@1.1.1 deploy: `ng github-pages:deploy`
22 error Exit status 1
23 error Failed at the angular-swagger-form-field-sample@1.1.1 deploy script 'ng github-pages:deploy'.
23 error Make sure you have the latest version of node.js and npm installed.
23 error If you do, this is most likely a problem with the angular-swagger-form-field-sample package,
23 error not with npm itself.
23 error Tell the author that this fails on your system:
23 error     ng github-pages:deploy
23 error You can get information on how to open an issue for this project with:
23 error     npm bugs angular-swagger-form-field-sample
23 error Or if that isn't available, you can get their info via:
23 error     npm owner ls angular-swagger-form-field-sample
23 error There is likely additional logging output above.
24 verbose exit [ 1, true ]
